mktextfm ecrm1095
mktextfm pplr8t
mktextfm pplr8t
mktextfm pplr8t
mktextfm pplr7t
mktextfm pplr7t
mktextfm pplr7t
mktextfm zplmr7m
mktextfm zplmr7m
mktextfm zplmr7m
mktextfm zplmr7y
mktextfm zplmr7y
mktextfm zplmr7y
mktextfm zplmr7v
mktextfm zplmr7v
mktextfm zplmr7v
mktextfm zplmr7t
mktextfm zplmr7t
mktextfm zplmr7t
mktextfm rsfs10
mktextfm rsfs10
mktextfm rsfs7
mktextfm pplr8t
mktextfm pplb8t
mktextfm nullfont
mktextfm pplb8t
mktextfm nullfont
mktextfm ectt1095
mktextfm pplr8c
mktextfm pplr8t
mktextfm pplr7t
mktextfm pplr7t
mktextfm zplmr7m
mktextfm zplmr7m
mktextfm zplmr7y
mktextfm zplmr7y
mktextfm zplmr7v
mktextfm zplmr7v
mktextfm zplmr7t
mktextfm zplmr7t
mktextfm rsfs5
mktextfm rsfs5
mktextfm ectt1095
mktextfm nullfont
mktextfm ecit1095
mktextfm tctt1095
